Performing C SOURCE FILE Test CMAKE_HAVE_LIBC_PTHREAD failed with the following output:
Change Dir: /home/gcastelo/faculdade/5o_semestre/ALG2/TP2_Alg2/include/igraph-0.10.1/build/CMakeFiles/CMakeScratch/TryCompile-j6dhLU

Run Build Command(s):/usr/bin/make -f Makefile cmTC_2049d/fast && /usr/bin/make  -f CMakeFiles/cmTC_2049d.dir/build.make CMakeFiles/cmTC_2049d.dir/build
make[1]: Entering directory '/home/gcastelo/faculdade/5o_semestre/ALG2/TP2_Alg2/include/igraph-0.10.1/build/CMakeFiles/CMakeScratch/TryCompile-j6dhLU'
Building C object CMakeFiles/cmTC_2049d.dir/src.c.o
/usr/bin/cc -DCMAKE_HAVE_LIBC_PTHREAD  -std=gnu99 -o CMakeFiles/cmTC_2049d.dir/src.c.o -c /home/gcastelo/faculdade/5o_semestre/ALG2/TP2_Alg2/include/igraph-0.10.1/build/CMakeFiles/CMakeScratch/TryCompile-j6dhLU/src.c
Linking C executable cmTC_2049d
/usr/bin/cmake -E cmake_link_script CMakeFiles/cmTC_2049d.dir/link.txt --verbose=1
/usr/bin/cc CMakeFiles/cmTC_2049d.dir/src.c.o -o cmTC_2049d 
/usr/bin/ld: CMakeFiles/cmTC_2049d.dir/src.c.o: in function `main':
src.c:(.text+0x46): undefined reference to `pthread_create'
/usr/bin/ld: src.c:(.text+0x52): undefined reference to `pthread_detach'
/usr/bin/ld: src.c:(.text+0x5e): undefined reference to `pthread_cancel'
/usr/bin/ld: src.c:(.text+0x6f): undefined reference to `pthread_join'
collect2: error: ld returned 1 exit status
make[1]: *** [CMakeFiles/cmTC_2049d.dir/build.make:99: cmTC_2049d] Error 1
make[1]: Leaving directory '/home/gcastelo/faculdade/5o_semestre/ALG2/TP2_Alg2/include/igraph-0.10.1/build/CMakeFiles/CMakeScratch/TryCompile-j6dhLU'
make: *** [Makefile:127: cmTC_2049d/fast] Error 2


Source file was:
#include <pthread.h>

static void* test_func(void* data)
{
  return data;
}

int main(void)
{
  pthread_t thread;
  pthread_create(&thread, NULL, test_func, NULL);
  pthread_detach(thread);
  pthread_cancel(thread);
  pthread_join(thread, NULL);
  pthread_atfork(NULL, NULL, NULL);
  pthread_exit(NULL);

  return 0;
}


Determining if the function pthread_create exists in the pthreads failed with the following output:
Change Dir: /home/gcastelo/faculdade/5o_semestre/ALG2/TP2_Alg2/include/igraph-0.10.1/build/CMakeFiles/CMakeScratch/TryCompile-CjBccU

Run Build Command(s):/usr/bin/make -f Makefile cmTC_e9336/fast && /usr/bin/make  -f CMakeFiles/cmTC_e9336.dir/build.make CMakeFiles/cmTC_e9336.dir/build
make[1]: Entering directory '/home/gcastelo/faculdade/5o_semestre/ALG2/TP2_Alg2/include/igraph-0.10.1/build/CMakeFiles/CMakeScratch/TryCompile-CjBccU'
Building C object CMakeFiles/cmTC_e9336.dir/CheckFunctionExists.c.o
/usr/bin/cc   -DCHECK_FUNCTION_EXISTS=pthread_create -std=gnu99 -o CMakeFiles/cmTC_e9336.dir/CheckFunctionExists.c.o -c /home/gcastelo/faculdade/5o_semestre/ALG2/TP2_Alg2/include/igraph-0.10.1/build/CMakeFiles/CMakeScratch/TryCompile-CjBccU/CheckFunctionExists.c
Linking C executable cmTC_e9336
/usr/bin/cmake -E cmake_link_script CMakeFiles/cmTC_e9336.dir/link.txt --verbose=1
/usr/bin/cc  -DCHECK_FUNCTION_EXISTS=pthread_create CMakeFiles/cmTC_e9336.dir/CheckFunctionExists.c.o -o cmTC_e9336  -lpthreads 
/usr/bin/ld: cannot find -lpthreads
collect2: error: ld returned 1 exit status
make[1]: *** [CMakeFiles/cmTC_e9336.dir/build.make:99: cmTC_e9336] Error 1
make[1]: Leaving directory '/home/gcastelo/faculdade/5o_semestre/ALG2/TP2_Alg2/include/igraph-0.10.1/build/CMakeFiles/CMakeScratch/TryCompile-CjBccU'
make: *** [Makefile:127: cmTC_e9336/fast] Error 2



Determining if the function sgemm_ exists failed with the following output:
Change Dir: /home/gcastelo/faculdade/5o_semestre/ALG2/TP2_Alg2/include/igraph-0.10.1/build/CMakeFiles/CMakeScratch/TryCompile-EobE8S

Run Build Command(s):/usr/bin/make -f Makefile cmTC_eaf85/fast && /usr/bin/make  -f CMakeFiles/cmTC_eaf85.dir/build.make CMakeFiles/cmTC_eaf85.dir/build
make[1]: Entering directory '/home/gcastelo/faculdade/5o_semestre/ALG2/TP2_Alg2/include/igraph-0.10.1/build/CMakeFiles/CMakeScratch/TryCompile-EobE8S'
Building C object CMakeFiles/cmTC_eaf85.dir/CheckFunctionExists.c.o
/usr/bin/cc   -DCHECK_FUNCTION_EXISTS=sgemm_ -std=gnu99 -o CMakeFiles/cmTC_eaf85.dir/CheckFunctionExists.c.o -c /home/gcastelo/faculdade/5o_semestre/ALG2/TP2_Alg2/include/igraph-0.10.1/build/CMakeFiles/CMakeScratch/TryCompile-EobE8S/CheckFunctionExists.c
Linking C executable cmTC_eaf85
/usr/bin/cmake -E cmake_link_script CMakeFiles/cmTC_eaf85.dir/link.txt --verbose=1
/usr/bin/cc  -DCHECK_FUNCTION_EXISTS=sgemm_ CMakeFiles/cmTC_eaf85.dir/CheckFunctionExists.c.o -o cmTC_eaf85 
/usr/bin/ld: CMakeFiles/cmTC_eaf85.dir/CheckFunctionExists.c.o: in function `main':
CheckFunctionExists.c:(.text+0x14): undefined reference to `sgemm_'
collect2: error: ld returned 1 exit status
make[1]: *** [CMakeFiles/cmTC_eaf85.dir/build.make:99: cmTC_eaf85] Error 1
make[1]: Leaving directory '/home/gcastelo/faculdade/5o_semestre/ALG2/TP2_Alg2/include/igraph-0.10.1/build/CMakeFiles/CMakeScratch/TryCompile-EobE8S'
make: *** [Makefile:127: cmTC_eaf85/fast] Error 2



Determing location of ARPACK failed:
Libraries to link against: 

Determining if the sinh exist failed with the following output:
Change Dir: /home/gcastelo/faculdade/5o_semestre/ALG2/TP2_Alg2/include/igraph-0.10.1/build/CMakeFiles/CMakeScratch/TryCompile-4iKBtT

Run Build Command(s):/usr/bin/make -f Makefile cmTC_3dab9/fast && /usr/bin/make  -f CMakeFiles/cmTC_3dab9.dir/build.make CMakeFiles/cmTC_3dab9.dir/build
make[1]: Entering directory '/home/gcastelo/faculdade/5o_semestre/ALG2/TP2_Alg2/include/igraph-0.10.1/build/CMakeFiles/CMakeScratch/TryCompile-4iKBtT'
Building C object CMakeFiles/cmTC_3dab9.dir/CheckSymbolExists.c.o
/usr/bin/cc   -std=gnu99 -o CMakeFiles/cmTC_3dab9.dir/CheckSymbolExists.c.o -c /home/gcastelo/faculdade/5o_semestre/ALG2/TP2_Alg2/include/igraph-0.10.1/build/CMakeFiles/CMakeScratch/TryCompile-4iKBtT/CheckSymbolExists.c
Linking C executable cmTC_3dab9
/usr/bin/cmake -E cmake_link_script CMakeFiles/cmTC_3dab9.dir/link.txt --verbose=1
/usr/bin/cc CMakeFiles/cmTC_3dab9.dir/CheckSymbolExists.c.o -o cmTC_3dab9 
/usr/bin/ld: CMakeFiles/cmTC_3dab9.dir/CheckSymbolExists.c.o: in function `main':
CheckSymbolExists.c:(.text+0x1f): undefined reference to `sinh'
collect2: error: ld returned 1 exit status
make[1]: *** [CMakeFiles/cmTC_3dab9.dir/build.make:99: cmTC_3dab9] Error 1
make[1]: Leaving directory '/home/gcastelo/faculdade/5o_semestre/ALG2/TP2_Alg2/include/igraph-0.10.1/build/CMakeFiles/CMakeScratch/TryCompile-4iKBtT'
make: *** [Makefile:127: cmTC_3dab9/fast] Error 2


File CheckSymbolExists.c:
/* */
#include <math.h>

int main(int argc, char** argv)
{
  (void)argv;
#ifndef sinh
  return ((int*)(&sinh))[argc];
#else
  (void)argc;
  return 0;
#endif
}
Determining if the _stricmp exist failed with the following output:
Change Dir: /home/gcastelo/faculdade/5o_semestre/ALG2/TP2_Alg2/include/igraph-0.10.1/build/CMakeFiles/CMakeScratch/TryCompile-8LuFOQ

Run Build Command(s):/usr/bin/make -f Makefile cmTC_13fce/fast && /usr/bin/make  -f CMakeFiles/cmTC_13fce.dir/build.make CMakeFiles/cmTC_13fce.dir/build
make[1]: Entering directory '/home/gcastelo/faculdade/5o_semestre/ALG2/TP2_Alg2/include/igraph-0.10.1/build/CMakeFiles/CMakeScratch/TryCompile-8LuFOQ'
Building C object CMakeFiles/cmTC_13fce.dir/CheckSymbolExists.c.o
/usr/bin/cc   -std=gnu99 -o CMakeFiles/cmTC_13fce.dir/CheckSymbolExists.c.o -c /home/gcastelo/faculdade/5o_semestre/ALG2/TP2_Alg2/include/igraph-0.10.1/build/CMakeFiles/CMakeScratch/TryCompile-8LuFOQ/CheckSymbolExists.c
/home/gcastelo/faculdade/5o_semestre/ALG2/TP2_Alg2/include/igraph-0.10.1/build/CMakeFiles/CMakeScratch/TryCompile-8LuFOQ/CheckSymbolExists.c: In function ‘main’:
/home/gcastelo/faculdade/5o_semestre/ALG2/TP2_Alg2/include/igraph-0.10.1/build/CMakeFiles/CMakeScratch/TryCompile-8LuFOQ/CheckSymbolExists.c:8:19: error: ‘_stricmp’ undeclared (first use in this function); did you mean ‘strncmp’?
    8 |   return ((int*)(&_stricmp))[argc];
      |                   ^~~~~~~~
      |                   strncmp
/home/gcastelo/faculdade/5o_semestre/ALG2/TP2_Alg2/include/igraph-0.10.1/build/CMakeFiles/CMakeScratch/TryCompile-8LuFOQ/CheckSymbolExists.c:8:19: note: each undeclared identifier is reported only once for each function it appears in
make[1]: *** [CMakeFiles/cmTC_13fce.dir/build.make:78: CMakeFiles/cmTC_13fce.dir/CheckSymbolExists.c.o] Error 1
make[1]: Leaving directory '/home/gcastelo/faculdade/5o_semestre/ALG2/TP2_Alg2/include/igraph-0.10.1/build/CMakeFiles/CMakeScratch/TryCompile-8LuFOQ'
make: *** [Makefile:127: cmTC_13fce/fast] Error 2


File CheckSymbolExists.c:
/* */
#include <string.h>

int main(int argc, char** argv)
{
  (void)argv;
#ifndef _stricmp
  return ((int*)(&_stricmp))[argc];
#else
  (void)argc;
  return 0;
#endif
}
Determining if the _strnicmp exist failed with the following output:
Change Dir: /home/gcastelo/faculdade/5o_semestre/ALG2/TP2_Alg2/include/igraph-0.10.1/build/CMakeFiles/CMakeScratch/TryCompile-zZyNVT

Run Build Command(s):/usr/bin/make -f Makefile cmTC_15efb/fast && /usr/bin/make  -f CMakeFiles/cmTC_15efb.dir/build.make CMakeFiles/cmTC_15efb.dir/build
make[1]: Entering directory '/home/gcastelo/faculdade/5o_semestre/ALG2/TP2_Alg2/include/igraph-0.10.1/build/CMakeFiles/CMakeScratch/TryCompile-zZyNVT'
Building C object CMakeFiles/cmTC_15efb.dir/CheckSymbolExists.c.o
/usr/bin/cc   -std=gnu99 -o CMakeFiles/cmTC_15efb.dir/CheckSymbolExists.c.o -c /home/gcastelo/faculdade/5o_semestre/ALG2/TP2_Alg2/include/igraph-0.10.1/build/CMakeFiles/CMakeScratch/TryCompile-zZyNVT/CheckSymbolExists.c
/home/gcastelo/faculdade/5o_semestre/ALG2/TP2_Alg2/include/igraph-0.10.1/build/CMakeFiles/CMakeScratch/TryCompile-zZyNVT/CheckSymbolExists.c: In function ‘main’:
/home/gcastelo/faculdade/5o_semestre/ALG2/TP2_Alg2/include/igraph-0.10.1/build/CMakeFiles/CMakeScratch/TryCompile-zZyNVT/CheckSymbolExists.c:8:19: error: ‘_strnicmp’ undeclared (first use in this function); did you mean ‘strncmp’?
    8 |   return ((int*)(&_strnicmp))[argc];
      |                   ^~~~~~~~~
      |                   strncmp
/home/gcastelo/faculdade/5o_semestre/ALG2/TP2_Alg2/include/igraph-0.10.1/build/CMakeFiles/CMakeScratch/TryCompile-zZyNVT/CheckSymbolExists.c:8:19: note: each undeclared identifier is reported only once for each function it appears in
make[1]: *** [CMakeFiles/cmTC_15efb.dir/build.make:78: CMakeFiles/cmTC_15efb.dir/CheckSymbolExists.c.o] Error 1
make[1]: Leaving directory '/home/gcastelo/faculdade/5o_semestre/ALG2/TP2_Alg2/include/igraph-0.10.1/build/CMakeFiles/CMakeScratch/TryCompile-zZyNVT'
make: *** [Makefile:127: cmTC_15efb/fast] Error 2


File CheckSymbolExists.c:
/* */
#include <string.h>

int main(int argc, char** argv)
{
  (void)argv;
#ifndef _strnicmp
  return ((int*)(&_strnicmp))[argc];
#else
  (void)argc;
  return 0;
#endif
}
Determining if files xlocale.h exist failed with the following output:
Change Dir: /home/gcastelo/faculdade/5o_semestre/ALG2/TP2_Alg2/include/igraph-0.10.1/build/CMakeFiles/CMakeScratch/TryCompile-XeWInS

Run Build Command(s):/usr/bin/make -f Makefile cmTC_f97fe/fast && /usr/bin/make  -f CMakeFiles/cmTC_f97fe.dir/build.make CMakeFiles/cmTC_f97fe.dir/build
make[1]: Entering directory '/home/gcastelo/faculdade/5o_semestre/ALG2/TP2_Alg2/include/igraph-0.10.1/build/CMakeFiles/CMakeScratch/TryCompile-XeWInS'
Building C object CMakeFiles/cmTC_f97fe.dir/HAVE_XLOCALE.c.o
/usr/bin/cc   -std=gnu99 -o CMakeFiles/cmTC_f97fe.dir/HAVE_XLOCALE.c.o -c /home/gcastelo/faculdade/5o_semestre/ALG2/TP2_Alg2/include/igraph-0.10.1/build/CMakeFiles/CMakeScratch/TryCompile-XeWInS/HAVE_XLOCALE.c
/home/gcastelo/faculdade/5o_semestre/ALG2/TP2_Alg2/include/igraph-0.10.1/build/CMakeFiles/CMakeScratch/TryCompile-XeWInS/HAVE_XLOCALE.c:2:10: fatal error: xlocale.h: No such file or directory
    2 | #include <xlocale.h>
      |          ^~~~~~~~~~~
compilation terminated.
make[1]: *** [CMakeFiles/cmTC_f97fe.dir/build.make:78: CMakeFiles/cmTC_f97fe.dir/HAVE_XLOCALE.c.o] Error 1
make[1]: Leaving directory '/home/gcastelo/faculdade/5o_semestre/ALG2/TP2_Alg2/include/igraph-0.10.1/build/CMakeFiles/CMakeScratch/TryCompile-XeWInS'
make: *** [Makefile:127: cmTC_f97fe/fast] Error 2


Source:
/* */
#include <xlocale.h>


int main(void){return 0;}

Determining if the _configthreadlocale exist failed with the following output:
Change Dir: /home/gcastelo/faculdade/5o_semestre/ALG2/TP2_Alg2/include/igraph-0.10.1/build/CMakeFiles/CMakeScratch/TryCompile-DWxOTU

Run Build Command(s):/usr/bin/make -f Makefile cmTC_ab785/fast && /usr/bin/make  -f CMakeFiles/cmTC_ab785.dir/build.make CMakeFiles/cmTC_ab785.dir/build
make[1]: Entering directory '/home/gcastelo/faculdade/5o_semestre/ALG2/TP2_Alg2/include/igraph-0.10.1/build/CMakeFiles/CMakeScratch/TryCompile-DWxOTU'
Building C object CMakeFiles/cmTC_ab785.dir/CheckSymbolExists.c.o
/usr/bin/cc   -std=gnu99 -o CMakeFiles/cmTC_ab785.dir/CheckSymbolExists.c.o -c /home/gcastelo/faculdade/5o_semestre/ALG2/TP2_Alg2/include/igraph-0.10.1/build/CMakeFiles/CMakeScratch/TryCompile-DWxOTU/CheckSymbolExists.c
/home/gcastelo/faculdade/5o_semestre/ALG2/TP2_Alg2/include/igraph-0.10.1/build/CMakeFiles/CMakeScratch/TryCompile-DWxOTU/CheckSymbolExists.c: In function ‘main’:
/home/gcastelo/faculdade/5o_semestre/ALG2/TP2_Alg2/include/igraph-0.10.1/build/CMakeFiles/CMakeScratch/TryCompile-DWxOTU/CheckSymbolExists.c:8:19: error: ‘_configthreadlocale’ undeclared (first use in this function)
    8 |   return ((int*)(&_configthreadlocale))[argc];
      |                   ^~~~~~~~~~~~~~~~~~~
/home/gcastelo/faculdade/5o_semestre/ALG2/TP2_Alg2/include/igraph-0.10.1/build/CMakeFiles/CMakeScratch/TryCompile-DWxOTU/CheckSymbolExists.c:8:19: note: each undeclared identifier is reported only once for each function it appears in
make[1]: *** [CMakeFiles/cmTC_ab785.dir/build.make:78: CMakeFiles/cmTC_ab785.dir/CheckSymbolExists.c.o] Error 1
make[1]: Leaving directory '/home/gcastelo/faculdade/5o_semestre/ALG2/TP2_Alg2/include/igraph-0.10.1/build/CMakeFiles/CMakeScratch/TryCompile-DWxOTU'
make: *** [Makefile:127: cmTC_ab785/fast] Error 2


File CheckSymbolExists.c:
/* */
#include <locale.h>

int main(int argc, char** argv)
{
  (void)argv;
#ifndef _configthreadlocale
  return ((int*)(&_configthreadlocale))[argc];
#else
  (void)argc;
  return 0;
#endif
}
Performing C++ SOURCE FILE Test HAVE__UMUL128 failed with the following output:
Change Dir: /home/gcastelo/faculdade/5o_semestre/ALG2/TP2_Alg2/include/igraph-0.10.1/build/CMakeFiles/CMakeScratch/TryCompile-HDMmuT

Run Build Command(s):/usr/bin/make -f Makefile cmTC_65c6c/fast && /usr/bin/make  -f CMakeFiles/cmTC_65c6c.dir/build.make CMakeFiles/cmTC_65c6c.dir/build
make[1]: Entering directory '/home/gcastelo/faculdade/5o_semestre/ALG2/TP2_Alg2/include/igraph-0.10.1/build/CMakeFiles/CMakeScratch/TryCompile-HDMmuT'
Building CXX object CMakeFiles/cmTC_65c6c.dir/src.cxx.o
/usr/bin/c++ -DHAVE__UMUL128  -std=gnu++11 -o CMakeFiles/cmTC_65c6c.dir/src.cxx.o -c /home/gcastelo/faculdade/5o_semestre/ALG2/TP2_Alg2/include/igraph-0.10.1/build/CMakeFiles/CMakeScratch/TryCompile-HDMmuT/src.cxx
/home/gcastelo/faculdade/5o_semestre/ALG2/TP2_Alg2/include/igraph-0.10.1/build/CMakeFiles/CMakeScratch/TryCompile-HDMmuT/src.cxx:2:14: fatal error: intrin.h: No such file or directory
    2 |     #include <intrin.h>
      |              ^~~~~~~~~~
compilation terminated.
make[1]: *** [CMakeFiles/cmTC_65c6c.dir/build.make:78: CMakeFiles/cmTC_65c6c.dir/src.cxx.o] Error 1
make[1]: Leaving directory '/home/gcastelo/faculdade/5o_semestre/ALG2/TP2_Alg2/include/igraph-0.10.1/build/CMakeFiles/CMakeScratch/TryCompile-HDMmuT'
make: *** [Makefile:127: cmTC_65c6c/fast] Error 2


Source file was:

    #include <intrin.h>

    int main() {
        unsigned long long a = 0, b = 0;
        unsigned long long c;
        volatile unsigned long long d;
        d = _umul128(a, b, &c);
        return 0;
    }
    

Performing C++ SOURCE FILE Test HAVE___UMULH failed with the following output:
Change Dir: /home/gcastelo/faculdade/5o_semestre/ALG2/TP2_Alg2/include/igraph-0.10.1/build/CMakeFiles/CMakeScratch/TryCompile-qbnJpT

Run Build Command(s):/usr/bin/make -f Makefile cmTC_37823/fast && /usr/bin/make  -f CMakeFiles/cmTC_37823.dir/build.make CMakeFiles/cmTC_37823.dir/build
make[1]: Entering directory '/home/gcastelo/faculdade/5o_semestre/ALG2/TP2_Alg2/include/igraph-0.10.1/build/CMakeFiles/CMakeScratch/TryCompile-qbnJpT'
Building CXX object CMakeFiles/cmTC_37823.dir/src.cxx.o
/usr/bin/c++ -DHAVE___UMULH  -std=gnu++11 -o CMakeFiles/cmTC_37823.dir/src.cxx.o -c /home/gcastelo/faculdade/5o_semestre/ALG2/TP2_Alg2/include/igraph-0.10.1/build/CMakeFiles/CMakeScratch/TryCompile-qbnJpT/src.cxx
/home/gcastelo/faculdade/5o_semestre/ALG2/TP2_Alg2/include/igraph-0.10.1/build/CMakeFiles/CMakeScratch/TryCompile-qbnJpT/src.cxx:2:14: fatal error: intrin.h: No such file or directory
    2 |     #include <intrin.h>
      |              ^~~~~~~~~~
compilation terminated.
make[1]: *** [CMakeFiles/cmTC_37823.dir/build.make:78: CMakeFiles/cmTC_37823.dir/src.cxx.o] Error 1
make[1]: Leaving directory '/home/gcastelo/faculdade/5o_semestre/ALG2/TP2_Alg2/include/igraph-0.10.1/build/CMakeFiles/CMakeScratch/TryCompile-qbnJpT'
make: *** [Makefile:127: cmTC_37823/fast] Error 2


Source file was:

    #include <intrin.h>

    int main() {
        unsigned long long a = 0, b = 0;
        volatile unsigned long long c;
        c = __umulh(a, b);
        return 0;
    }
    

Determining if the _LIBCPP_VERSION exist failed with the following output:
Change Dir: /home/gcastelo/faculdade/5o_semestre/ALG2/TP2_Alg2/include/igraph-0.10.1/build/CMakeFiles/CMakeScratch/TryCompile-oU0RPS

Run Build Command(s):/usr/bin/make -f Makefile cmTC_5c5f1/fast && /usr/bin/make  -f CMakeFiles/cmTC_5c5f1.dir/build.make CMakeFiles/cmTC_5c5f1.dir/build
make[1]: Entering directory '/home/gcastelo/faculdade/5o_semestre/ALG2/TP2_Alg2/include/igraph-0.10.1/build/CMakeFiles/CMakeScratch/TryCompile-oU0RPS'
Building CXX object CMakeFiles/cmTC_5c5f1.dir/CheckSymbolExists.cxx.o
/usr/bin/c++   -std=gnu++11 -o CMakeFiles/cmTC_5c5f1.dir/CheckSymbolExists.cxx.o -c /home/gcastelo/faculdade/5o_semestre/ALG2/TP2_Alg2/include/igraph-0.10.1/build/CMakeFiles/CMakeScratch/TryCompile-oU0RPS/CheckSymbolExists.cxx
/home/gcastelo/faculdade/5o_semestre/ALG2/TP2_Alg2/include/igraph-0.10.1/build/CMakeFiles/CMakeScratch/TryCompile-oU0RPS/CheckSymbolExists.cxx: In function ‘int main(int, char**)’:
/home/gcastelo/faculdade/5o_semestre/ALG2/TP2_Alg2/include/igraph-0.10.1/build/CMakeFiles/CMakeScratch/TryCompile-oU0RPS/CheckSymbolExists.cxx:8:19: error: ‘_LIBCPP_VERSION’ was not declared in this scope
    8 |   return ((int*)(&_LIBCPP_VERSION))[argc];
      |                   ^~~~~~~~~~~~~~~
make[1]: *** [CMakeFiles/cmTC_5c5f1.dir/build.make:78: CMakeFiles/cmTC_5c5f1.dir/CheckSymbolExists.cxx.o] Error 1
make[1]: Leaving directory '/home/gcastelo/faculdade/5o_semestre/ALG2/TP2_Alg2/include/igraph-0.10.1/build/CMakeFiles/CMakeScratch/TryCompile-oU0RPS'
make: *** [Makefile:127: cmTC_5c5f1/fast] Error 2


File CheckSymbolExists.cxx:
/* */
#include <vector>

int main(int argc, char** argv)
{
  (void)argv;
#ifndef _LIBCPP_VERSION
  return ((int*)(&_LIBCPP_VERSION))[argc];
#else
  (void)argc;
  return 0;
#endif
}
